<?xml version="1.0" encoding="UTF-8"?>
<testsuite xmlns:xsi="http://www.w3.org/2001/XMLSchema-instance" xsi:noNamespaceSchemaLocation="https://maven.apache.org/surefire/maven-surefire-plugin/xsd/surefire-test-report.xsd" version="3.0.2" name="com.migia.Flexisaf.SetupProjectApplicationTests" time="32.824" tests="1" errors="0" skipped="0" failures="0">
  <properties>
[...]
</properties>
  <testcase name="contextLoads" classname="com.migia.Flexisaf.SetupProjectApplicationTests" time="8.768">
    <system-out><![CDATA[08:34:47.856 [main] INFO org.springframework.test.context.support.AnnotationConfigContextLoaderUtils -- Could not detect default configuration classes for test class [com.migia.Flexisaf.SetupProjectApplicationTests]: SetupProjectApplicationTests does not declare any static, non-private, non-final, nested classes annotated with @Configuration.
08:34:49.367 [main] INFO org.springframework.boot.test.context.SpringBootTestContextBootstrapper -- Found @SpringBootConfiguration com.migia.Flexisaf.SetupProjectApplication for test class com.migia.Flexisaf.SetupProjectApplicationTests

  .   ____          _            __ _ _
 /\\ / ___'_ __ _ _(_)_ __  __ _ \ \ \ \
( ( )\___ | '_ | '_| | '_ \/ _` | \ \ \ \
 \\/  ___)| |_)| | | | | || (_| |  ) ) ) )
  '  |____| .__|_| |_|_| |_\__, | / / / /
 =========|_|==============|___/=/_/_/_/

 :: Spring Boot ::                (v3.4.1)

2025-01-16T08:34:55.597+01:00  INFO 10668 --- [SetupProject] [           main] c.m.F.SetupProjectApplicationTests       : Starting SetupProjectApplicationTests using Java 17.0.1 with PID 10668 (started by awolo in C:\Users\awolo\IdeaProjects\FIP-Backend-)
2025-01-16T08:34:55.605+01:00  INFO 10668 --- [SetupProject] [           main] c.m.F.SetupProjectApplicationTests       : No active profile set, falling back to 1 default profile: "default"
2025-01-16T08:35:09.523+01:00  INFO 10668 --- [SetupProject] [           main] c.m.F.SetupProjectApplicationTests       : Started SetupProjectApplicationTests in 18.227 seconds (process running for 32.023)
]]></system-out>
  </testcase>
</testsuite>